<?xml version="1.0" encoding="UTF-8"?>
<testsuite xmlns:xsi="http://www.w3.org/2001/XMLSchema-instance" xsi:noNamespaceSchemaLocation="https://maven.apache.org/surefire/maven-surefire-plugin/xsd/surefire-test-report.xsd" name="com.liyong.MallApplicationTests" time="16.787" tests="1" errors="0" skipped="0" failures="0">
  <properties>
    <property name="sun.desktop" value="windows"/>
    <property name="awt.toolkit" value="sun.awt.windows.WToolkit"/>
    <property name="file.encoding.pkg" value="sun.io"/>
    <property name="java.specification.version" value="1.8"/>
    <property name="sun.cpu.isalist" value="amd64"/>
    <property name="sun.jnu.encoding" value="GBK"/>
    <property name="java.class.path" value="E:\workspace\eclipseWorkspace\mall\target\test-classes;E:\workspace\eclipseWorkspace\mall\target\classes;D:\m2\repository\repository\org\springframework\boot\spring-boot-starter-web\2.1.1.RELEASE\spring-boot-starter-web-2.1.1.RELEASE.jar;D:\m2\repository\repository\org\springframework\boot\spring-boot-starter\2.1.1.RELEASE\spring-boot-starter-2.1.1.RELEASE.jar;D:\m2\repository\repository\org\springframework\boot\spring-boot-starter-logging\2.1.1.RELEASE\spring-boot-starter-logging-2.1.1.RELEASE.jar;D:\m2\repository\repository\ch\qos\logback\logback-classic\1.2.3\logback-classic-1.2.3.jar;D:\m2\repository\repository\ch\qos\logback\logback-core\1.2.3\logback-core-1.2.3.jar;D:\m2\repository\repository\org\apache\logging\log4j\log4j-to-slf4j\2.11.1\log4j-to-slf4j-2.11.1.jar;D:\m2\repository\repository\org\apache\logging\log4j\log4j-api\2.11.1\log4j-api-2.11.1.jar;D:\m2\repository\repository\org\slf4j\jul-to-slf4j\1.7.25\jul-to-slf4j-1.7.25.jar;D:\m2\repository\repository\javax\annotation\javax.annotation-api\1.3.2\javax.annotation-api-1.3.2.jar;D:\m2\repository\repository\org\yaml\snakeyaml\1.23\snakeyaml-1.23.jar;D:\m2\repository\repository\org\springframework\boot\spring-boot-starter-json\2.1.1.RELEASE\spring-boot-starter-json-2.1.1.RELEASE.jar;D:\m2\repository\repository\com\fasterxml\jackson\core\jackson-databind\2.9.7\jackson-databind-2.9.7.jar;D:\m2\repository\repository\com\fasterxml\jackson\core\jackson-annotations\2.9.0\jackson-annotations-2.9.0.jar;D:\m2\repository\repository\com\fasterxml\jackson\core\jackson-core\2.9.7\jackson-core-2.9.7.jar;D:\m2\repository\repository\com\fasterxml\jackson\datatype\jackson-datatype-jdk8\2.9.7\jackson-datatype-jdk8-2.9.7.jar;D:\m2\repository\repository\com\fasterxml\jackson\datatype\jackson-datatype-jsr310\2.9.7\jackson-datatype-jsr310-2.9.7.jar;D:\m2\repository\repository\com\fasterxml\jackson\module\jackson-module-parameter-names\2.9.7\jackson-module-parameter-names-2.9.7.jar;D:\m2\repository\repository\org\springframework\boot\spring-boot-starter-tomcat\2.1.1.RELEASE\spring-boot-starter-tomcat-2.1.1.RELEASE.jar;D:\m2\repository\repository\org\apache\tomcat\embed\tomcat-embed-core\9.0.13\tomcat-embed-core-9.0.13.jar;D:\m2\repository\repository\org\apache\tomcat\embed\tomcat-embed-el\9.0.13\tomcat-embed-el-9.0.13.jar;D:\m2\repository\repository\org\apache\tomcat\embed\tomcat-embed-websocket\9.0.13\tomcat-embed-websocket-9.0.13.jar;D:\m2\repository\repository\org\hibernate\validator\hibernate-validator\6.0.13.Final\hibernate-validator-6.0.13.Final.jar;D:\m2\repository\repository\javax\validation\validation-api\2.0.1.Final\validation-api-2.0.1.Final.jar;D:\m2\repository\repository\org\jboss\logging\jboss-logging\3.3.2.Final\jboss-logging-3.3.2.Final.jar;D:\m2\repository\repository\com\fasterxml\classmate\1.4.0\classmate-1.4.0.jar;D:\m2\repository\repository\org\springframework\spring-web\5.1.3.RELEASE\spring-web-5.1.3.RELEASE.jar;D:\m2\repository\repository\org\springframework\spring-beans\5.1.3.RELEASE\spring-beans-5.1.3.RELEASE.jar;D:\m2\repository\repository\org\springframework\spring-webmvc\5.1.3.RELEASE\spring-webmvc-5.1.3.RELEASE.jar;D:\m2\repository\repository\org\springframework\spring-aop\5.1.3.RELEASE\spring-aop-5.1.3.RELEASE.jar;D:\m2\repository\repository\org\springframework\spring-context\5.1.3.RELEASE\spring-context-5.1.3.RELEASE.jar;D:\m2\repository\repository\org\springframework\spring-expression\5.1.3.RELEASE\spring-expression-5.1.3.RELEASE.jar;D:\m2\repository\repository\mysql\mysql-connector-java\5.1.41\mysql-connector-java-5.1.41.jar;D:\m2\repository\repository\org\springframework\boot\spring-boot-starter-test\2.1.1.RELEASE\spring-boot-starter-test-2.1.1.RELEASE.jar;D:\m2\repository\repository\org\springframework\boot\spring-boot-test\2.1.1.RELEASE\spring-boot-test-2.1.1.RELEASE.jar;D:\m2\repository\repository\org\springframework\boot\spring-boot-test-autoconfigure\2.1.1.RELEASE\spring-boot-test-autoconfigure-2.1.1.RELEASE.jar;D:\m2\repository\repository\com\jayway\jsonpath\json-path\2.4.0\json-path-2.4.0.jar;D:\m2\repository\repository\net\minidev\json-smart\2.3\json-smart-2.3.jar;D:\m2\repository\repository\net\minidev\accessors-smart\1.2\accessors-smart-1.2.jar;D:\m2\repository\repository\org\ow2\asm\asm\5.0.4\asm-5.0.4.jar;D:\m2\repository\repository\junit\junit\4.12\junit-4.12.jar;D:\m2\repository\repository\org\assertj\assertj-core\3.11.1\assertj-core-3.11.1.jar;D:\m2\repository\repository\org\mockito\mockito-core\2.23.4\mockito-core-2.23.4.jar;D:\m2\repository\repository\net\bytebuddy\byte-buddy\1.9.5\byte-buddy-1.9.5.jar;D:\m2\repository\repository\net\bytebuddy\byte-buddy-agent\1.9.5\byte-buddy-agent-1.9.5.jar;D:\m2\repository\repository\org\objenesis\objenesis\2.6\objenesis-2.6.jar;D:\m2\repository\repository\org\hamcrest\hamcrest-core\1.3\hamcrest-core-1.3.jar;D:\m2\repository\repository\org\hamcrest\hamcrest-library\1.3\hamcrest-library-1.3.jar;D:\m2\repository\repository\org\skyscreamer\jsonassert\1.5.0\jsonassert-1.5.0.jar;D:\m2\repository\repository\com\vaadin\external\google\android-json\0.0.20131108.vaadin1\android-json-0.0.20131108.vaadin1.jar;D:\m2\repository\repository\org\springframework\spring-core\5.1.3.RELEASE\spring-core-5.1.3.RELEASE.jar;D:\m2\repository\repository\org\springframework\spring-jcl\5.1.3.RELEASE\spring-jcl-5.1.3.RELEASE.jar;D:\m2\repository\repository\org\springframework\spring-test\5.1.3.RELEASE\spring-test-5.1.3.RELEASE.jar;D:\m2\repository\repository\org\xmlunit\xmlunit-core\2.6.2\xmlunit-core-2.6.2.jar;D:\m2\repository\repository\org\projectlombok\lombok\1.12.4\lombok-1.12.4.jar;D:\m2\repository\repository\com\squareup\okhttp3\okhttp\3.8.1\okhttp-3.8.1.jar;D:\m2\repository\repository\com\squareup\okio\okio\1.13.0\okio-1.13.0.jar;D:\m2\repository\repository\com\alibaba\fastjson\1.2.33\fastjson-1.2.33.jar;D:\m2\repository\repository\commons-codec\commons-codec\1.10\commons-codec-1.10.jar;D:\m2\repository\repository\com\google\code\gson\gson\2.8.2\gson-2.8.2.jar;D:\m2\repository\repository\com\alibaba\druid\1.1.2\druid-1.1.2.jar;C:\Program Files\Java\jdk1.8.0_05\jre\..\lib\jconsole.jar;C:\Program Files\Java\jdk1.8.0_05\jre\..\lib\tools.jar;D:\m2\repository\repository\org\mybatis\spring\boot\mybatis-spring-boot-starter\1.3.0\mybatis-spring-boot-starter-1.3.0.jar;D:\m2\repository\repository\org\springframework\boot\spring-boot-starter-jdbc\2.1.1.RELEASE\spring-boot-starter-jdbc-2.1.1.RELEASE.jar;D:\m2\repository\repository\com\zaxxer\HikariCP\3.2.0\HikariCP-3.2.0.jar;D:\m2\repository\repository\org\springframework\spring-jdbc\5.1.3.RELEASE\spring-jdbc-5.1.3.RELEASE.jar;D:\m2\repository\repository\org\springframework\spring-tx\5.1.3.RELEASE\spring-tx-5.1.3.RELEASE.jar;D:\m2\repository\repository\org\mybatis\spring\boot\mybatis-spring-boot-autoconfigure\1.3.0\mybatis-spring-boot-autoconfigure-1.3.0.jar;D:\m2\repository\repository\org\mybatis\mybatis\3.4.4\mybatis-3.4.4.jar;D:\m2\repository\repository\org\mybatis\mybatis-spring\1.3.1\mybatis-spring-1.3.1.jar;D:\m2\repository\repository\org\apache\commons\commons-lang3\3.8.1\commons-lang3-3.8.1.jar;D:\m2\repository\repository\org\apache\shiro\shiro-core\1.2.4\shiro-core-1.2.4.jar;D:\m2\repository\repository\org\slf4j\slf4j-api\1.7.25\slf4j-api-1.7.25.jar;D:\m2\repository\repository\org\apache\shiro\shiro-web\1.2.4\shiro-web-1.2.4.jar;D:\m2\repository\repository\org\apache\shiro\shiro-spring\1.2.4\shiro-spring-1.2.4.jar;D:\m2\repository\repository\commons-lang\commons-lang\2.5\commons-lang-2.5.jar;D:\m2\repository\repository\commons-beanutils\commons-beanutils\1.8.0\commons-beanutils-1.8.0.jar;D:\m2\repository\repository\commons-collections\commons-collections\3.2.1\commons-collections-3.2.1.jar;D:\m2\repository\repository\commons-logging\commons-logging\1.1.1\commons-logging-1.1.1.jar;D:\m2\repository\repository\org\springframework\boot\spring-boot-starter-thymeleaf\2.1.1.RELEASE\spring-boot-starter-thymeleaf-2.1.1.RELEASE.jar;D:\m2\repository\repository\org\thymeleaf\thymeleaf-spring5\3.0.11.RELEASE\thymeleaf-spring5-3.0.11.RELEASE.jar;D:\m2\repository\repository\org\thymeleaf\thymeleaf\3.0.11.RELEASE\thymeleaf-3.0.11.RELEASE.jar;D:\m2\repository\repository\org\attoparser\attoparser\2.0.5.RELEASE\attoparser-2.0.5.RELEASE.jar;D:\m2\repository\repository\org\unbescape\unbescape\1.1.6.RELEASE\unbescape-1.1.6.RELEASE.jar;D:\m2\repository\repository\org\thymeleaf\extras\thymeleaf-extras-java8time\3.0.2.RELEASE\thymeleaf-extras-java8time-3.0.2.RELEASE.jar;D:\m2\repository\repository\org\springframework\boot\spring-boot-devtools\2.1.1.RELEASE\spring-boot-devtools-2.1.1.RELEASE.jar;D:\m2\repository\repository\org\springframework\boot\spring-boot\2.1.1.RELEASE\spring-boot-2.1.1.RELEASE.jar;D:\m2\repository\repository\org\springframework\boot\spring-boot-autoconfigure\2.1.1.RELEASE\spring-boot-autoconfigure-2.1.1.RELEASE.jar;D:\m2\repository\repository\org\springframework\boot\spring-boot-starter-mail\2.1.1.RELEASE\spring-boot-starter-mail-2.1.1.RELEASE.jar;D:\m2\repository\repository\org\springframework\spring-context-support\5.1.3.RELEASE\spring-context-support-5.1.3.RELEASE.jar;D:\m2\repository\repository\com\sun\mail\javax.mail\1.6.2\javax.mail-1.6.2.jar;D:\m2\repository\repository\javax\activation\activation\1.1\activation-1.1.jar;D:\m2\repository\repository\org\freemarker\freemarker\2.3.28\freemarker-2.3.28.jar;D:\m2\repository\repository\org\dom4j\dom4j\2.1.0\dom4j-2.1.0.jar;D:\m2\repository\repository\jaxen\jaxen\1.1.6\jaxen-1.1.6.jar;D:\m2\repository\repository\com\thoughtworks\xstream\xstream\1.4.10\xstream-1.4.10.jar;D:\m2\repository\repository\xmlpull\xmlpull\1.1.3.1\xmlpull-1.1.3.1.jar;D:\m2\repository\repository\xpp3\xpp3_min\1.1.4c\xpp3_min-1.1.4c.jar;"/>
    <property name="java.vm.vendor" value="Oracle Corporation"/>
    <property name="sun.arch.data.model" value="64"/>
    <property name="user.variant" value=""/>
    <property name="java.vendor.url" value="http://java.oracle.com/"/>
    <property name="user.timezone" value="Asia/Shanghai"/>
    <property name="java.vm.specification.version" value="1.8"/>
    <property name="os.name" value="Windows 8.1"/>
    <property name="user.country" value="CN"/>
    <property name="sun.java.launcher" value="SUN_STANDARD"/>
    <property name="sun.boot.library.path" value="C:\Program Files\Java\jdk1.8.0_05\jre\bin"/>
    <property name="sun.java.command" value="C:\Users\LY\AppData\Local\Temp\surefire7234636031625768759\surefirebooter2183785294401140475.jar C:\Users\LY\AppData\Local\Temp\surefire7234636031625768759 2018-12-26T17-07-19_661-jvmRun1 surefire2196749005604848069tmp surefire_05946013058349812912tmp"/>
    <property name="surefire.test.class.path" value="E:\workspace\eclipseWorkspace\mall\target\test-classes;E:\workspace\eclipseWorkspace\mall\target\classes;D:\m2\repository\repository\org\springframework\boot\spring-boot-starter-web\2.1.1.RELEASE\spring-boot-starter-web-2.1.1.RELEASE.jar;D:\m2\repository\repository\org\springframework\boot\spring-boot-starter\2.1.1.RELEASE\spring-boot-starter-2.1.1.RELEASE.jar;D:\m2\repository\repository\org\springframework\boot\spring-boot-starter-logging\2.1.1.RELEASE\spring-boot-starter-logging-2.1.1.RELEASE.jar;D:\m2\repository\repository\ch\qos\logback\logback-classic\1.2.3\logback-classic-1.2.3.jar;D:\m2\repository\repository\ch\qos\logback\logback-core\1.2.3\logback-core-1.2.3.jar;D:\m2\repository\repository\org\apache\logging\log4j\log4j-to-slf4j\2.11.1\log4j-to-slf4j-2.11.1.jar;D:\m2\repository\repository\org\apache\logging\log4j\log4j-api\2.11.1\log4j-api-2.11.1.jar;D:\m2\repository\repository\org\slf4j\jul-to-slf4j\1.7.25\jul-to-slf4j-1.7.25.jar;D:\m2\repository\repository\javax\annotation\javax.annotation-api\1.3.2\javax.annotation-api-1.3.2.jar;D:\m2\repository\repository\org\yaml\snakeyaml\1.23\snakeyaml-1.23.jar;D:\m2\repository\repository\org\springframework\boot\spring-boot-starter-json\2.1.1.RELEASE\spring-boot-starter-json-2.1.1.RELEASE.jar;D:\m2\repository\repository\com\fasterxml\jackson\core\jackson-databind\2.9.7\jackson-databind-2.9.7.jar;D:\m2\repository\repository\com\fasterxml\jackson\core\jackson-annotations\2.9.0\jackson-annotations-2.9.0.jar;D:\m2\repository\repository\com\fasterxml\jackson\core\jackson-core\2.9.7\jackson-core-2.9.7.jar;D:\m2\repository\repository\com\fasterxml\jackson\datatype\jackson-datatype-jdk8\2.9.7\jackson-datatype-jdk8-2.9.7.jar;D:\m2\repository\repository\com\fasterxml\jackson\datatype\jackson-datatype-jsr310\2.9.7\jackson-datatype-jsr310-2.9.7.jar;D:\m2\repository\repository\com\fasterxml\jackson\module\jackson-module-parameter-names\2.9.7\jackson-module-parameter-names-2.9.7.jar;D:\m2\repository\repository\org\springframework\boot\spring-boot-starter-tomcat\2.1.1.RELEASE\spring-boot-starter-tomcat-2.1.1.RELEASE.jar;D:\m2\repository\repository\org\apache\tomcat\embed\tomcat-embed-core\9.0.13\tomcat-embed-core-9.0.13.jar;D:\m2\repository\repository\org\apache\tomcat\embed\tomcat-embed-el\9.0.13\tomcat-embed-el-9.0.13.jar;D:\m2\repository\repository\org\apache\tomcat\embed\tomcat-embed-websocket\9.0.13\tomcat-embed-websocket-9.0.13.jar;D:\m2\repository\repository\org\hibernate\validator\hibernate-validator\6.0.13.Final\hibernate-validator-6.0.13.Final.jar;D:\m2\repository\repository\javax\validation\validation-api\2.0.1.Final\validation-api-2.0.1.Final.jar;D:\m2\repository\repository\org\jboss\logging\jboss-logging\3.3.2.Final\jboss-logging-3.3.2.Final.jar;D:\m2\repository\repository\com\fasterxml\classmate\1.4.0\classmate-1.4.0.jar;D:\m2\repository\repository\org\springframework\spring-web\5.1.3.RELEASE\spring-web-5.1.3.RELEASE.jar;D:\m2\repository\repository\org\springframework\spring-beans\5.1.3.RELEASE\spring-beans-5.1.3.RELEASE.jar;D:\m2\repository\repository\org\springframework\spring-webmvc\5.1.3.RELEASE\spring-webmvc-5.1.3.RELEASE.jar;D:\m2\repository\repository\org\springframework\spring-aop\5.1.3.RELEASE\spring-aop-5.1.3.RELEASE.jar;D:\m2\repository\repository\org\springframework\spring-context\5.1.3.RELEASE\spring-context-5.1.3.RELEASE.jar;D:\m2\repository\repository\org\springframework\spring-expression\5.1.3.RELEASE\spring-expression-5.1.3.RELEASE.jar;D:\m2\repository\repository\mysql\mysql-connector-java\5.1.41\mysql-connector-java-5.1.41.jar;D:\m2\repository\repository\org\springframework\boot\spring-boot-starter-test\2.1.1.RELEASE\spring-boot-starter-test-2.1.1.RELEASE.jar;D:\m2\repository\repository\org\springframework\boot\spring-boot-test\2.1.1.RELEASE\spring-boot-test-2.1.1.RELEASE.jar;D:\m2\repository\repository\org\springframework\boot\spring-boot-test-autoconfigure\2.1.1.RELEASE\spring-boot-test-autoconfigure-2.1.1.RELEASE.jar;D:\m2\repository\repository\com\jayway\jsonpath\json-path\2.4.0\json-path-2.4.0.jar;D:\m2\repository\repository\net\minidev\json-smart\2.3\json-smart-2.3.jar;D:\m2\repository\repository\net\minidev\accessors-smart\1.2\accessors-smart-1.2.jar;D:\m2\repository\repository\org\ow2\asm\asm\5.0.4\asm-5.0.4.jar;D:\m2\repository\repository\junit\junit\4.12\junit-4.12.jar;D:\m2\repository\repository\org\assertj\assertj-core\3.11.1\assertj-core-3.11.1.jar;D:\m2\repository\repository\org\mockito\mockito-core\2.23.4\mockito-core-2.23.4.jar;D:\m2\repository\repository\net\bytebuddy\byte-buddy\1.9.5\byte-buddy-1.9.5.jar;D:\m2\repository\repository\net\bytebuddy\byte-buddy-agent\1.9.5\byte-buddy-agent-1.9.5.jar;D:\m2\repository\repository\org\objenesis\objenesis\2.6\objenesis-2.6.jar;D:\m2\repository\repository\org\hamcrest\hamcrest-core\1.3\hamcrest-core-1.3.jar;D:\m2\repository\repository\org\hamcrest\hamcrest-library\1.3\hamcrest-library-1.3.jar;D:\m2\repository\repository\org\skyscreamer\jsonassert\1.5.0\jsonassert-1.5.0.jar;D:\m2\repository\repository\com\vaadin\external\google\android-json\0.0.20131108.vaadin1\android-json-0.0.20131108.vaadin1.jar;D:\m2\repository\repository\org\springframework\spring-core\5.1.3.RELEASE\spring-core-5.1.3.RELEASE.jar;D:\m2\repository\repository\org\springframework\spring-jcl\5.1.3.RELEASE\spring-jcl-5.1.3.RELEASE.jar;D:\m2\repository\repository\org\springframework\spring-test\5.1.3.RELEASE\spring-test-5.1.3.RELEASE.jar;D:\m2\repository\repository\org\xmlunit\xmlunit-core\2.6.2\xmlunit-core-2.6.2.jar;D:\m2\repository\repository\org\projectlombok\lombok\1.12.4\lombok-1.12.4.jar;D:\m2\repository\repository\com\squareup\okhttp3\okhttp\3.8.1\okhttp-3.8.1.jar;D:\m2\repository\repository\com\squareup\okio\okio\1.13.0\okio-1.13.0.jar;D:\m2\repository\repository\com\alibaba\fastjson\1.2.33\fastjson-1.2.33.jar;D:\m2\repository\repository\commons-codec\commons-codec\1.10\commons-codec-1.10.jar;D:\m2\repository\repository\com\google\code\gson\gson\2.8.2\gson-2.8.2.jar;D:\m2\repository\repository\com\alibaba\druid\1.1.2\druid-1.1.2.jar;C:\Program Files\Java\jdk1.8.0_05\jre\..\lib\jconsole.jar;C:\Program Files\Java\jdk1.8.0_05\jre\..\lib\tools.jar;D:\m2\repository\repository\org\mybatis\spring\boot\mybatis-spring-boot-starter\1.3.0\mybatis-spring-boot-starter-1.3.0.jar;D:\m2\repository\repository\org\springframework\boot\spring-boot-starter-jdbc\2.1.1.RELEASE\spring-boot-starter-jdbc-2.1.1.RELEASE.jar;D:\m2\repository\repository\com\zaxxer\HikariCP\3.2.0\HikariCP-3.2.0.jar;D:\m2\repository\repository\org\springframework\spring-jdbc\5.1.3.RELEASE\spring-jdbc-5.1.3.RELEASE.jar;D:\m2\repository\repository\org\springframework\spring-tx\5.1.3.RELEASE\spring-tx-5.1.3.RELEASE.jar;D:\m2\repository\repository\org\mybatis\spring\boot\mybatis-spring-boot-autoconfigure\1.3.0\mybatis-spring-boot-autoconfigure-1.3.0.jar;D:\m2\repository\repository\org\mybatis\mybatis\3.4.4\mybatis-3.4.4.jar;D:\m2\repository\repository\org\mybatis\mybatis-spring\1.3.1\mybatis-spring-1.3.1.jar;D:\m2\repository\repository\org\apache\commons\commons-lang3\3.8.1\commons-lang3-3.8.1.jar;D:\m2\repository\repository\org\apache\shiro\shiro-core\1.2.4\shiro-core-1.2.4.jar;D:\m2\repository\repository\org\slf4j\slf4j-api\1.7.25\slf4j-api-1.7.25.jar;D:\m2\repository\repository\org\apache\shiro\shiro-web\1.2.4\shiro-web-1.2.4.jar;D:\m2\repository\repository\org\apache\shiro\shiro-spring\1.2.4\shiro-spring-1.2.4.jar;D:\m2\repository\repository\commons-lang\commons-lang\2.5\commons-lang-2.5.jar;D:\m2\repository\repository\commons-beanutils\commons-beanutils\1.8.0\commons-beanutils-1.8.0.jar;D:\m2\repository\repository\commons-collections\commons-collections\3.2.1\commons-collections-3.2.1.jar;D:\m2\repository\repository\commons-logging\commons-logging\1.1.1\commons-logging-1.1.1.jar;D:\m2\repository\repository\org\springframework\boot\spring-boot-starter-thymeleaf\2.1.1.RELEASE\spring-boot-starter-thymeleaf-2.1.1.RELEASE.jar;D:\m2\repository\repository\org\thymeleaf\thymeleaf-spring5\3.0.11.RELEASE\thymeleaf-spring5-3.0.11.RELEASE.jar;D:\m2\repository\repository\org\thymeleaf\thymeleaf\3.0.11.RELEASE\thymeleaf-3.0.11.RELEASE.jar;D:\m2\repository\repository\org\attoparser\attoparser\2.0.5.RELEASE\attoparser-2.0.5.RELEASE.jar;D:\m2\repository\repository\org\unbescape\unbescape\1.1.6.RELEASE\unbescape-1.1.6.RELEASE.jar;D:\m2\repository\repository\org\thymeleaf\extras\thymeleaf-extras-java8time\3.0.2.RELEASE\thymeleaf-extras-java8time-3.0.2.RELEASE.jar;D:\m2\repository\repository\org\springframework\boot\spring-boot-devtools\2.1.1.RELEASE\spring-boot-devtools-2.1.1.RELEASE.jar;D:\m2\repository\repository\org\springframework\boot\spring-boot\2.1.1.RELEASE\spring-boot-2.1.1.RELEASE.jar;D:\m2\repository\repository\org\springframework\boot\spring-boot-autoconfigure\2.1.1.RELEASE\spring-boot-autoconfigure-2.1.1.RELEASE.jar;D:\m2\repository\repository\org\springframework\boot\spring-boot-starter-mail\2.1.1.RELEASE\spring-boot-starter-mail-2.1.1.RELEASE.jar;D:\m2\repository\repository\org\springframework\spring-context-support\5.1.3.RELEASE\spring-context-support-5.1.3.RELEASE.jar;D:\m2\repository\repository\com\sun\mail\javax.mail\1.6.2\javax.mail-1.6.2.jar;D:\m2\repository\repository\javax\activation\activation\1.1\activation-1.1.jar;D:\m2\repository\repository\org\freemarker\freemarker\2.3.28\freemarker-2.3.28.jar;D:\m2\repository\repository\org\dom4j\dom4j\2.1.0\dom4j-2.1.0.jar;D:\m2\repository\repository\jaxen\jaxen\1.1.6\jaxen-1.1.6.jar;D:\m2\repository\repository\com\thoughtworks\xstream\xstream\1.4.10\xstream-1.4.10.jar;D:\m2\repository\repository\xmlpull\xmlpull\1.1.3.1\xmlpull-1.1.3.1.jar;D:\m2\repository\repository\xpp3\xpp3_min\1.1.4c\xpp3_min-1.1.4c.jar;"/>
    <property name="sun.cpu.endian" value="little"/>
    <property name="user.home" value="C:\Users\LY"/>
    <property name="user.language" value="zh"/>
    <property name="java.specification.vendor" value="Oracle Corporation"/>
    <property name="java.home" value="C:\Program Files\Java\jdk1.8.0_05\jre"/>
    <property name="basedir" value="E:\workspace\eclipseWorkspace\mall"/>
    <property name="file.separator" value="\"/>
    <property name="line.separator" value="&#10;"/>
    <property name="java.vm.specification.vendor" value="Oracle Corporation"/>
    <property name="java.specification.name" value="Java Platform API Specification"/>
    <property name="java.awt.graphicsenv" value="sun.awt.Win32GraphicsEnvironment"/>
    <property name="surefire.real.class.path" value="C:\Users\LY\AppData\Local\Temp\surefire7234636031625768759\surefirebooter2183785294401140475.jar"/>
    <property name="sun.boot.class.path" value="C:\Program Files\Java\jdk1.8.0_05\jre\lib\resources.jar;C:\Program Files\Java\jdk1.8.0_05\jre\lib\rt.jar;C:\Program Files\Java\jdk1.8.0_05\jre\lib\sunrsasign.jar;C:\Program Files\Java\jdk1.8.0_05\jre\lib\jsse.jar;C:\Program Files\Java\jdk1.8.0_05\jre\lib\jce.jar;C:\Program Files\Java\jdk1.8.0_05\jre\lib\charsets.jar;C:\Program Files\Java\jdk1.8.0_05\jre\lib\jfr.jar;C:\Program Files\Java\jdk1.8.0_05\jre\classes"/>
    <property name="user.script" value=""/>
    <property name="sun.management.compiler" value="HotSpot 64-Bit Tiered Compilers"/>
    <property name="java.runtime.version" value="1.8.0_05-b13"/>
    <property name="user.name" value="LY"/>
    <property name="path.separator" value=";"/>
    <property name="os.version" value="6.3"/>
    <property name="java.endorsed.dirs" value="C:\Program Files\Java\jdk1.8.0_05\jre\lib\endorsed"/>
    <property name="java.runtime.name" value="Java(TM) SE Runtime Environment"/>
    <property name="file.encoding" value="GBK"/>
    <property name="java.vm.name" value="Java HotSpot(TM) 64-Bit Server VM"/>
    <property name="localRepository" value="D:\m2\repository\repository"/>
    <property name="java.vendor.url.bug" value="http://bugreport.sun.com/bugreport/"/>
    <property name="java.io.tmpdir" value="C:\Users\LY\AppData\Local\Temp\"/>
    <property name="java.version" value="1.8.0_05"/>
    <property name="user.dir" value="E:\workspace\eclipseWorkspace\mall"/>
    <property name="os.arch" value="amd64"/>
    <property name="java.vm.specification.name" value="Java Virtual Machine Specification"/>
    <property name="java.awt.printerjob" value="sun.awt.windows.WPrinterJob"/>
    <property name="sun.os.patch.level" value=""/>
    <property name="java.library.path" value="C:\Program Files\Java\jdk1.8.0_05\jre\bin;C:\WINDOWS\Sun\Java\bin;C:\WINDOWS\system32;C:\WINDOWS;C:/Program Files/Java/jdk1.8.0_05/bin/../jre/bin/server;C:/Program Files/Java/jdk1.8.0_05/bin/../jre/bin;C:/Program Files/Java/jdk1.8.0_05/bin/../jre/lib/amd64;E:\Oracle\product\11.2.0\dbhome_1\bin;C:\Program Files\Java\jdk1.8.0_05;C:\Program Files\Java\jdk1.8.0_05\bin;C:\Program Files\Java\jdk1.8.0_05\jre\bin;D:\AppCan\AppCan-IDE\jre\bin\;D:\AppCan\HDK\emulator\mas\;;C:\Program Files (x86)\Lenovo\FusionEngine;C:\WINDOWS\system32;C:\WINDOWS;C:\WINDOWS\System32\Wbem;C:\WINDOWS\System32\WindowsPowerShell\v1.0\;C:\Program Files (x86)\ATI Technologies\ATI.ACE\Core-Static;C:\Program Files\Intel\WiFi\bin\;C:\Program Files\Common Files\Intel\WirelessCommon\;D:\apache-maven-3.3.3\bin;D:\nodejs\;D:\SlikSvn\bin;D:\mysql-5.6.24\mysql-5.6.24-win32\bin;D:\Program Files (x86)\Microsoft SQL Server\100\Tools\Binn\;D:\Program Files\Microsoft SQL Server\100\Tools\Binn\;D:\Program Files\Microsoft SQL Server\100\DTS\Binn\;D:\Program Files (x86)\Microsoft SQL Server\100\Tools\Binn\VSShell\Common7\IDE\;C:\Program Files (x86)\Microsoft Visual Studio 9.0\Common7\IDE\PrivateAssemblies\;D:\Program Files (x86)\Microsoft SQL Server\100\DTS\Binn\;D:\Oracle\client\instantclient_11_2;C:\Program Files (x86)\航天信息财税平台\newslib;D:\soft;TortoiseSVN\bin;C:\WINDOWS\System32\OpenSSH\;D:\GitHub\Git\cmd;C:\Users\LY\AppData\Roaming\npm;%USERPROFILE%\AppData\Local\Microsoft\WindowsApps;;D:\Eclipse\eclipse-jee-mars-R-win32-x86_64 (1)\eclipse;;."/>
    <property name="java.vm.info" value="mixed mode"/>
    <property name="java.vendor" value="Oracle Corporation"/>
    <property name="java.vm.version" value="25.5-b02"/>
    <property name="java.ext.dirs" value="C:\Program Files\Java\jdk1.8.0_05\jre\lib\ext;C:\WINDOWS\Sun\Java\lib\ext"/>
    <property name="sun.io.unicode.encoding" value="UnicodeLittle"/>
    <property name="java.class.version" value="52.0"/>
  </properties>
  <testcase name="contextLoads" classname="com.liyong.MallApplicationTests" time="0.553"/>
</testsuite>